root - INFO - response to post categories: {'id': '12', 'title': 'Priority: HIGH', 'description': 'HIGH Priority Tasks'}
root - INFO - response ID: 12,  new ID: 12
root - INFO - response to post categories: {'id': '13', 'title': 'Priority: MEDIUM', 'description': 'MEDIUM Priority Tasks'}
root - INFO - response ID: 13,  new ID: 13
root - INFO - response to post categories: {'id': '14', 'title': 'Priority: LOW', 'description': 'LOW Priority Tasks'}
root - INFO - response ID: 14,  new ID: 14
root - INFO - setup feature story for log_file: story8.log completed
root - INFO - the response: <Response [201]>
root - INFO - the response_body: {'id': '20', 'title': '', 'completed': 'false', 'active': 'false', 'description': ''}
root - INFO - the response: <Response [201]>
root - INFO - the response_body: {'id': '21', 'title': '', 'completed': 'false', 'active': 'false', 'description': ''}
root - INFO - created classes: [({'id': '20', 'title': '', 'completed': 'false', 'active': 'false', 'description': ''}, '20'), ({'id': '21', 'title': '', 'completed': 'false', 'active': 'false', 'description': ''}, '21')]
root - INFO - searching for priority: HIGH
root - INFO - tried to print obj with id: 12
root - INFO - category: 12
root - INFO - tried to print obj with id: 12
root - INFO - found priority attached to  object: 12
root - INFO - searching for priority: HIGH
root - INFO - tried to print obj with id: 12
root - INFO - category: 12
root - INFO - tried to print obj with id: 12
root - INFO - found priority attached to  object: 12
root - INFO - response to post categories/12/todos: {'id': '39', 'title': 'task1', 'doneStatus': 'false', 'description': 'HIGH Priority Tasks'}
root - INFO - searching for priority: HIGH
root - INFO - tried to print obj with id: 12
root - INFO - category: 12
root - INFO - tried to print obj with id: 12
root - INFO - found priority attached to  object: 12
root - INFO - todo_id_from_response, response: [{'id': '2', 'title': 'Home', 'description': ''}, {'id': '12', 'title': 'Priority: HIGH', 'description': 'HIGH Priority Tasks', 'todos': [{'id': '39'}]}, {'id': '13', 'title': 'Priority: MEDIUM', 'description': 'MEDIUM Priority Tasks'}, {'id': '14', 'title': 'Priority: LOW', 'description': 'LOW Priority Tasks'}, {'id': '1', 'title': 'Office', 'description': ''}]
root - INFO - old ID: 39,  new ID: 39
root - INFO - response ID: 39,  new ID: 39
root - INFO - request to: projects/20/tasks response_body: {'id': '40', 'title': 'task1', 'doneStatus': 'false', 'description': 'References todo: 39', 'tasksof': [{'id': '20'}]}
root - INFO - searching for priority: HIGH
root - INFO - tried to print obj with id: 12
root - INFO - category: 12
root - INFO - tried to print obj with id: 12
root - INFO - found priority attached to  object: 12
root - INFO - DELETE: http://localhost:4567/categories/12/todos/39
root - INFO - <Response [200]>
root - INFO - DELETE: http://localhost:4567/todos/39
root - INFO - <Response [200]>
root - INFO - 
root - INFO - searching for priority: HIGH
root - INFO - tried to print obj with id: 12
root - INFO - category: 12
root - INFO - tried to print obj with id: 12
root - INFO - found priority attached to  object: 12
root - INFO - searching for priority: HIGH
root - INFO - tried to print obj with id: 12
root - INFO - category: 12
root - INFO - tried to print obj with id: 12
root - INFO - found priority attached to  object: 12
root - INFO - response to post categories/12/todos: {'id': '41', 'title': 'task1', 'doneStatus': 'false', 'description': 'HIGH Priority Tasks'}
root - INFO - searching for priority: HIGH
root - INFO - tried to print obj with id: 12
root - INFO - category: 12
root - INFO - tried to print obj with id: 12
root - INFO - found priority attached to  object: 12
root - INFO - todo_id_from_response, response: [{'id': '2', 'title': 'Home', 'description': ''}, {'id': '12', 'title': 'Priority: HIGH', 'description': 'HIGH Priority Tasks', 'todos': [{'id': '41'}]}, {'id': '13', 'title': 'Priority: MEDIUM', 'description': 'MEDIUM Priority Tasks'}, {'id': '14', 'title': 'Priority: LOW', 'description': 'LOW Priority Tasks'}, {'id': '1', 'title': 'Office', 'description': ''}]
root - INFO - old ID: 41,  new ID: 41
root - INFO - response ID: 41,  new ID: 41
root - INFO - request to: projects/21/tasks response_body: {'id': '42', 'title': 'task1', 'doneStatus': 'false', 'description': 'References todo: 41', 'tasksof': [{'id': '21'}]}
root - INFO - searching for priority: HIGH
root - INFO - tried to print obj with id: 12
root - INFO - category: 12
root - INFO - tried to print obj with id: 12
root - INFO - found priority attached to  object: 12
root - INFO - DELETE: http://localhost:4567/categories/12/todos/41
root - INFO - <Response [200]>
root - INFO - DELETE: http://localhost:4567/todos/41
root - INFO - <Response [200]>
root - INFO - 
root - INFO - all False tasks: [{'id': '1', 'title': 'scan paperwork', 'doneStatus': 'false', 'description': '', 'tasksof': [{'id': '1'}], 'categories': [{'id': '1'}]}, {'id': '40', 'title': 'task1', 'doneStatus': 'false', 'description': 'References todo: 39', 'tasksof': [{'id': '20'}]}, {'id': '2', 'title': 'file paperwork', 'doneStatus': 'false', 'description': '', 'tasksof': [{'id': '1'}]}, {'id': '42', 'title': 'task1', 'doneStatus': 'false', 'description': 'References todo: 41', 'tasksof': [{'id': '21'}]}]
root - INFO - the response: <Response [201]>
root - INFO - the response_body: {'id': '22', 'title': '', 'completed': 'false', 'active': 'false', 'description': ''}
root - INFO - the response: <Response [201]>
root - INFO - the response_body: {'id': '23', 'title': '', 'completed': 'false', 'active': 'false', 'description': ''}
root - INFO - created classes: [({'id': '22', 'title': '', 'completed': 'false', 'active': 'false', 'description': ''}, '22'), ({'id': '23', 'title': '', 'completed': 'false', 'active': 'false', 'description': ''}, '23')]
root - INFO - searching for priority: HIGH
root - INFO - tried to print obj with id: 12
root - INFO - category: 12
root - INFO - tried to print obj with id: 12
root - INFO - found priority attached to  object: 12
root - INFO - searching for priority: HIGH
root - INFO - tried to print obj with id: 12
root - INFO - category: 12
root - INFO - tried to print obj with id: 12
root - INFO - found priority attached to  object: 12
root - INFO - response to post categories/12/todos: {'id': '43', 'title': 'task2', 'doneStatus': 'false', 'description': 'HIGH Priority Tasks'}
root - INFO - searching for priority: HIGH
root - INFO - tried to print obj with id: 12
root - INFO - category: 12
root - INFO - tried to print obj with id: 12
root - INFO - found priority attached to  object: 12
root - INFO - todo_id_from_response, response: [{'id': '2', 'title': 'Home', 'description': ''}, {'id': '12', 'title': 'Priority: HIGH', 'description': 'HIGH Priority Tasks', 'todos': [{'id': '43'}]}, {'id': '13', 'title': 'Priority: MEDIUM', 'description': 'MEDIUM Priority Tasks'}, {'id': '14', 'title': 'Priority: LOW', 'description': 'LOW Priority Tasks'}, {'id': '1', 'title': 'Office', 'description': ''}]
root - INFO - old ID: 43,  new ID: 43
root - INFO - response ID: 43,  new ID: 43
root - INFO - request to: projects/22/tasks response_body: {'id': '44', 'title': 'task2', 'doneStatus': 'false', 'description': 'References todo: 43', 'tasksof': [{'id': '22'}]}
root - INFO - searching for priority: HIGH
root - INFO - tried to print obj with id: 12
root - INFO - category: 12
root - INFO - tried to print obj with id: 12
root - INFO - found priority attached to  object: 12
root - INFO - DELETE: http://localhost:4567/categories/12/todos/43
root - INFO - <Response [200]>
root - INFO - DELETE: http://localhost:4567/todos/43
root - INFO - <Response [200]>
root - INFO - 
root - INFO - searching for priority: HIGH
root - INFO - tried to print obj with id: 12
root - INFO - category: 12
root - INFO - tried to print obj with id: 12
root - INFO - found priority attached to  object: 12
root - INFO - searching for priority: HIGH
root - INFO - tried to print obj with id: 12
root - INFO - category: 12
root - INFO - tried to print obj with id: 12
root - INFO - found priority attached to  object: 12
root - INFO - response to post categories/12/todos: {'id': '45', 'title': 'task2', 'doneStatus': 'false', 'description': 'HIGH Priority Tasks'}
root - INFO - searching for priority: HIGH
root - INFO - tried to print obj with id: 12
root - INFO - category: 12
root - INFO - tried to print obj with id: 12
root - INFO - found priority attached to  object: 12
root - INFO - todo_id_from_response, response: [{'id': '2', 'title': 'Home', 'description': ''}, {'id': '12', 'title': 'Priority: HIGH', 'description': 'HIGH Priority Tasks', 'todos': [{'id': '45'}]}, {'id': '13', 'title': 'Priority: MEDIUM', 'description': 'MEDIUM Priority Tasks'}, {'id': '14', 'title': 'Priority: LOW', 'description': 'LOW Priority Tasks'}, {'id': '1', 'title': 'Office', 'description': ''}]
root - INFO - old ID: 45,  new ID: 45
root - INFO - response ID: 45,  new ID: 45
root - INFO - request to: projects/23/tasks response_body: {'id': '46', 'title': 'task2', 'doneStatus': 'false', 'description': 'References todo: 45', 'tasksof': [{'id': '23'}]}
root - INFO - searching for priority: HIGH
root - INFO - tried to print obj with id: 12
root - INFO - category: 12
root - INFO - tried to print obj with id: 12
root - INFO - found priority attached to  object: 12
root - INFO - DELETE: http://localhost:4567/categories/12/todos/45
root - INFO - <Response [200]>
root - INFO - DELETE: http://localhost:4567/todos/45
root - INFO - <Response [200]>
root - INFO - 
root - INFO - all False tasks: [{'id': '1', 'title': 'scan paperwork', 'doneStatus': 'false', 'description': '', 'tasksof': [{'id': '1'}], 'categories': [{'id': '1'}]}, {'id': '44', 'title': 'task2', 'doneStatus': 'false', 'description': 'References todo: 43', 'tasksof': [{'id': '22'}]}, {'id': '40', 'title': 'task1', 'doneStatus': 'false', 'description': 'References todo: 39', 'tasksof': [{'id': '20'}]}, {'id': '46', 'title': 'task2', 'doneStatus': 'false', 'description': 'References todo: 45', 'tasksof': [{'id': '23'}]}, {'id': '2', 'title': 'file paperwork', 'doneStatus': 'false', 'description': '', 'tasksof': [{'id': '1'}]}, {'id': '42', 'title': 'task1', 'doneStatus': 'false', 'description': 'References todo: 41', 'tasksof': [{'id': '21'}]}]
root - INFO - the response: <Response [201]>
root - INFO - the response_body: {'id': '24', 'title': '', 'completed': 'false', 'active': 'false', 'description': ''}
root - INFO - the response: <Response [201]>
root - INFO - the response_body: {'id': '25', 'title': '', 'completed': 'false', 'active': 'false', 'description': ''}
root - INFO - created classes: [({'id': '24', 'title': '', 'completed': 'false', 'active': 'false', 'description': ''}, '24'), ({'id': '25', 'title': '', 'completed': 'false', 'active': 'false', 'description': ''}, '25')]
root - INFO - searching for priority: HIGH
root - INFO - tried to print obj with id: 12
root - INFO - category: 12
root - INFO - tried to print obj with id: 12
root - INFO - found priority attached to  object: 12
root - INFO - searching for priority: HIGH
root - INFO - tried to print obj with id: 12
root - INFO - category: 12
root - INFO - tried to print obj with id: 12
root - INFO - found priority attached to  object: 12
root - INFO - response to post categories/12/todos: {'id': '47', 'title': 'task3', 'doneStatus': 'false', 'description': 'HIGH Priority Tasks'}
root - INFO - searching for priority: HIGH
root - INFO - tried to print obj with id: 12
root - INFO - category: 12
root - INFO - tried to print obj with id: 12
root - INFO - found priority attached to  object: 12
root - INFO - todo_id_from_response, response: [{'id': '2', 'title': 'Home', 'description': ''}, {'id': '12', 'title': 'Priority: HIGH', 'description': 'HIGH Priority Tasks', 'todos': [{'id': '47'}]}, {'id': '13', 'title': 'Priority: MEDIUM', 'description': 'MEDIUM Priority Tasks'}, {'id': '14', 'title': 'Priority: LOW', 'description': 'LOW Priority Tasks'}, {'id': '1', 'title': 'Office', 'description': ''}]
root - INFO - old ID: 47,  new ID: 47
root - INFO - response ID: 47,  new ID: 47
root - INFO - request to: projects/24/tasks response_body: {'id': '48', 'title': 'task3', 'doneStatus': 'false', 'description': 'References todo: 47', 'tasksof': [{'id': '24'}]}
root - INFO - searching for priority: HIGH
root - INFO - tried to print obj with id: 12
root - INFO - category: 12
root - INFO - tried to print obj with id: 12
root - INFO - found priority attached to  object: 12
root - INFO - DELETE: http://localhost:4567/categories/12/todos/47
root - INFO - <Response [200]>
root - INFO - DELETE: http://localhost:4567/todos/47
root - INFO - <Response [200]>
root - INFO - 
root - INFO - searching for priority: HIGH
root - INFO - tried to print obj with id: 12
root - INFO - category: 12
root - INFO - tried to print obj with id: 12
root - INFO - found priority attached to  object: 12
root - INFO - searching for priority: HIGH
root - INFO - tried to print obj with id: 12
root - INFO - category: 12
root - INFO - tried to print obj with id: 12
root - INFO - found priority attached to  object: 12
root - INFO - response to post categories/12/todos: {'id': '49', 'title': 'task3', 'doneStatus': 'false', 'description': 'HIGH Priority Tasks'}
root - INFO - searching for priority: HIGH
root - INFO - tried to print obj with id: 12
root - INFO - category: 12
root - INFO - tried to print obj with id: 12
root - INFO - found priority attached to  object: 12
root - INFO - todo_id_from_response, response: [{'id': '2', 'title': 'Home', 'description': ''}, {'id': '12', 'title': 'Priority: HIGH', 'description': 'HIGH Priority Tasks', 'todos': [{'id': '49'}]}, {'id': '13', 'title': 'Priority: MEDIUM', 'description': 'MEDIUM Priority Tasks'}, {'id': '14', 'title': 'Priority: LOW', 'description': 'LOW Priority Tasks'}, {'id': '1', 'title': 'Office', 'description': ''}]
root - INFO - old ID: 49,  new ID: 49
root - INFO - response ID: 49,  new ID: 49
root - INFO - request to: projects/25/tasks response_body: {'id': '50', 'title': 'task3', 'doneStatus': 'false', 'description': 'References todo: 49', 'tasksof': [{'id': '25'}]}
root - INFO - searching for priority: HIGH
root - INFO - tried to print obj with id: 12
root - INFO - category: 12
root - INFO - tried to print obj with id: 12
root - INFO - found priority attached to  object: 12
root - INFO - DELETE: http://localhost:4567/categories/12/todos/49
root - INFO - <Response [200]>
root - INFO - DELETE: http://localhost:4567/todos/49
root - INFO - <Response [200]>
root - INFO - 
root - INFO - all False tasks: [{'id': '1', 'title': 'scan paperwork', 'doneStatus': 'false', 'description': '', 'tasksof': [{'id': '1'}], 'categories': [{'id': '1'}]}, {'id': '44', 'title': 'task2', 'doneStatus': 'false', 'description': 'References todo: 43', 'tasksof': [{'id': '22'}]}, {'id': '40', 'title': 'task1', 'doneStatus': 'false', 'description': 'References todo: 39', 'tasksof': [{'id': '20'}]}, {'id': '46', 'title': 'task2', 'doneStatus': 'false', 'description': 'References todo: 45', 'tasksof': [{'id': '23'}]}, {'id': '2', 'title': 'file paperwork', 'doneStatus': 'false', 'description': '', 'tasksof': [{'id': '1'}]}, {'id': '50', 'title': 'task3', 'doneStatus': 'false', 'description': 'References todo: 49', 'tasksof': [{'id': '25'}]}, {'id': '42', 'title': 'task1', 'doneStatus': 'false', 'description': 'References todo: 41', 'tasksof': [{'id': '21'}]}, {'id': '48', 'title': 'task3', 'doneStatus': 'false', 'description': 'References todo: 47', 'tasksof': [{'id': '24'}]}]
root - INFO - tried to print obj with id: 12
root - INFO - tried to print obj with id: 13
root - INFO - tried to print obj with id: 14
root - INFO - endpoint: categories, IDs I am about to delete: [12, 13, 14]
root - INFO - tried to print obj with id: 12
root - INFO -     loop index: 0, ID: 12
root - INFO -        response to delete: <Response [200]>
root - INFO - tried to print obj with id: 13
root - INFO - tried to print obj with id: 14
root - INFO -        list after delete: [13, 14]
root - INFO - tried to print obj with id: 14
root - INFO -     loop index: 1, ID: 14
root - INFO -        response to delete: <Response [200]>
root - INFO - tried to print obj with id: 13
root - INFO -        list after delete: [13]
root - INFO - tried to print obj with id: 13
root - INFO - tried to print obj with id: 13
root - INFO - finished iterating over: [13], leftover IDs (should be all gone): [13]
root - INFO - 
root - INFO - tried to print obj with id: 13
root - INFO -     loop index: 0, ID: 13
root - INFO -        response to delete: <Response [200]>
root - INFO -        list after delete: []
root - INFO - finished iterating over: [], leftover IDs (should be all gone): []
root - INFO - 
root - INFO - endpoint: projects, IDs I am about to delete: ['20', '21', '22', '23', '24', '25']
root - INFO -     loop index: 0, ID: 20
root - INFO -        response to delete: <Response [200]>
root - INFO -        list after delete: ['21', '22', '23', '24', '25']
root - INFO -     loop index: 1, ID: 22
root - INFO -        response to delete: <Response [200]>
root - INFO -        list after delete: ['21', '23', '24', '25']
root - INFO -     loop index: 2, ID: 24
root - INFO -        response to delete: <Response [200]>
root - INFO -        list after delete: ['21', '23', '25']
root - INFO - finished iterating over: ['21', '23', '25'], leftover IDs (should be all gone): ['21', '23', '25']
root - INFO - 
root - INFO -     loop index: 0, ID: 21
root - INFO -        response to delete: <Response [200]>
root - INFO -        list after delete: ['23', '25']
root - INFO -     loop index: 1, ID: 25
root - INFO -        response to delete: <Response [200]>
root - INFO -        list after delete: ['23']
root - INFO - finished iterating over: ['23'], leftover IDs (should be all gone): ['23']
root - INFO - 
root - INFO -     loop index: 0, ID: 23
root - INFO -        response to delete: <Response [200]>
root - INFO -        list after delete: []
root - INFO - finished iterating over: [], leftover IDs (should be all gone): []
root - INFO - 
root - INFO - endpoint: todos, IDs I am about to delete: ['40', '42', '44', '46', '48', '50']
root - INFO -     loop index: 0, ID: 40
root - INFO -        response to delete: <Response [200]>
root - INFO -        list after delete: ['42', '44', '46', '48', '50']
root - INFO -     loop index: 1, ID: 44
root - INFO -        response to delete: <Response [200]>
root - INFO -        list after delete: ['42', '46', '48', '50']
root - INFO -     loop index: 2, ID: 48
root - INFO -        response to delete: <Response [200]>
root - INFO -        list after delete: ['42', '46', '50']
root - INFO - finished iterating over: ['42', '46', '50'], leftover IDs (should be all gone): ['42', '46', '50']
root - INFO - 
root - INFO -     loop index: 0, ID: 42
root - INFO -        response to delete: <Response [200]>
root - INFO -        list after delete: ['46', '50']
root - INFO -     loop index: 1, ID: 50
root - INFO -        response to delete: <Response [200]>
root - INFO -        list after delete: ['46']
root - INFO - finished iterating over: ['46'], leftover IDs (should be all gone): ['46']
root - INFO - 
root - INFO -     loop index: 0, ID: 46
root - INFO -        response to delete: <Response [200]>
root - INFO -        list after delete: []
root - INFO - finished iterating over: [], leftover IDs (should be all gone): []
root - INFO - 
root - INFO - created_ids after a delete post scenario: defaultdict(<class 'list'>, {'categories': [], 'projects': [], 'todos': []})
root - INFO - ====================== done scenario ===========================
root - INFO - 
root - INFO - 
root - INFO - 
