root - INFO - response to post categories: {'id': '3', 'title': 'Priority: HIGH', 'description': 'HIGH Priority Tasks'}
root - INFO - response to post categories: {'id': '4', 'title': 'Priority: MEDIUM', 'description': 'MEDIUM Priority Tasks'}
root - INFO - response to post categories: {'id': '5', 'title': 'Priority: LOW', 'description': 'LOW Priority Tasks'}
root - INFO - response to post categories/3/todos: {'id': '3', 'title': 'task1', 'doneStatus': 'false', 'description': 'HIGH Priority Tasks'}
root - INFO - DELETE: http://localhost:4567/categories/3/todos/3
root - INFO - DELETE: http://localhost:4567/todos/3
root - INFO - 
root - INFO - url to create_task: http://localhost:4567/categories/3/todos
root - INFO - response to post categories/3/todos: {'id': '4', 'title': 'task1', 'doneStatus': 'false', 'description': 'HIGH Priority Tasks'}
root - INFO - just tried to post the NEW TODO with NEW PRIORITY
root - INFO - 
root - INFO - Then: url we get from for verification: http://localhost:4567/categories/3/todos
root - INFO - the response body: {'id': '4', 'title': 'task1', 'doneStatus': 'false', 'description': 'HIGH Priority Tasks'}
root - INFO - the stored response: {'id': '4', 'title': 'task1', 'doneStatus': 'false', 'description': 'HIGH Priority Tasks'}
root - INFO - after scenario: <Scenario "(Alternate flow) Update a valid task with the same priority -- @1.1 ">
root - INFO - endpoint: todos, IDs I am about to delete: [4]
root - INFO -     loop index: 0, ID: 4
root - INFO -        response to delete: <Response [200]>
root - INFO -        list after delete: []
root - INFO - finished iterating over: [], leftover IDs (should be all gone): []
root - INFO - 
root - INFO - created_ids after a delete post scenario: defaultdict(<class 'list'>, {'categories': [3, 4, 5], 'todos': []})
root - INFO - 
root - INFO - 
root - INFO - response to post categories/4/todos: {'id': '5', 'title': 'task2', 'doneStatus': 'false', 'description': 'MEDIUM Priority Tasks'}
root - INFO - DELETE: http://localhost:4567/categories/4/todos/5
root - INFO - DELETE: http://localhost:4567/todos/5
root - INFO - 
root - INFO - url to create_task: http://localhost:4567/categories/4/todos
root - INFO - response to post categories/4/todos: {'id': '6', 'title': 'task2', 'doneStatus': 'false', 'description': 'MEDIUM Priority Tasks'}
root - INFO - just tried to post the NEW TODO with NEW PRIORITY
root - INFO - 
root - INFO - Then: url we get from for verification: http://localhost:4567/categories/4/todos
root - INFO - the response body: {'id': '6', 'title': 'task2', 'doneStatus': 'false', 'description': 'MEDIUM Priority Tasks'}
root - INFO - the stored response: {'id': '6', 'title': 'task2', 'doneStatus': 'false', 'description': 'MEDIUM Priority Tasks'}
root - INFO - after scenario: <Scenario "(Alternate flow) Update a valid task with the same priority -- @1.2 ">
root - INFO - endpoint: todos, IDs I am about to delete: [6]
root - INFO -     loop index: 0, ID: 6
root - INFO -        response to delete: <Response [200]>
root - INFO -        list after delete: []
root - INFO - finished iterating over: [], leftover IDs (should be all gone): []
root - INFO - 
root - INFO - created_ids after a delete post scenario: defaultdict(<class 'list'>, {'categories': [3, 4, 5], 'todos': []})
root - INFO - 
root - INFO - 
root - INFO - response to post categories/5/todos: {'id': '7', 'title': 'task3', 'doneStatus': 'false', 'description': 'LOW Priority Tasks'}
root - INFO - DELETE: http://localhost:4567/categories/5/todos/7
root - INFO - DELETE: http://localhost:4567/todos/7
root - INFO - 
root - INFO - url to create_task: http://localhost:4567/categories/5/todos
root - INFO - response to post categories/5/todos: {'id': '8', 'title': 'task3', 'doneStatus': 'false', 'description': 'LOW Priority Tasks'}
root - INFO - just tried to post the NEW TODO with NEW PRIORITY
root - INFO - 
root - INFO - Then: url we get from for verification: http://localhost:4567/categories/5/todos
root - INFO - the response body: {'id': '8', 'title': 'task3', 'doneStatus': 'false', 'description': 'LOW Priority Tasks'}
root - INFO - the stored response: {'id': '8', 'title': 'task3', 'doneStatus': 'false', 'description': 'LOW Priority Tasks'}
root - INFO - after scenario: <Scenario "(Alternate flow) Update a valid task with the same priority -- @1.3 ">
root - INFO - endpoint: todos, IDs I am about to delete: [8]
root - INFO -     loop index: 0, ID: 8
root - INFO -        response to delete: <Response [200]>
root - INFO -        list after delete: []
root - INFO - finished iterating over: [], leftover IDs (should be all gone): []
root - INFO - 
root - INFO - created_ids after a delete post scenario: defaultdict(<class 'list'>, {'categories': [3, 4, 5], 'todos': []})
root - INFO - 
root - INFO - 
root - INFO - endpoint: categories, IDs I am about to delete: [3, 4, 5]
root - INFO -     loop index: 0, ID: 3
root - INFO -        response to delete: <Response [200]>
root - INFO -        list after delete: [4, 5]
root - INFO -     loop index: 1, ID: 5
root - INFO -        response to delete: <Response [200]>
root - INFO -        list after delete: [4]
root - INFO - finished iterating over: [4], leftover IDs (should be all gone): [4]
root - INFO - 
root - INFO -     loop index: 0, ID: 4
root - INFO -        response to delete: <Response [200]>
root - INFO -        list after delete: []
root - INFO - finished iterating over: [], leftover IDs (should be all gone): []
root - INFO - 
root - INFO - endpoint: todos, IDs I am about to delete: []
root - INFO - created_ids after a delete post scenario: defaultdict(<class 'list'>, {'categories': [], 'todos': []})
root - INFO - 
root - INFO - 
